app/build/outputs/logs/manifest-merger-debug-report.txt
-- Merging decision tree log ---
manifest
ADDED from src/main/AndroidManifest.xml:2:1-19:12
	package
		ADDED from src/main/AndroidManifest.xml:3:7-35
		INJECTED from src/main/AndroidManifest.xml
		INJECTED from src/main/AndroidManifest.xml
	android:versionName
		ADDED from src/main/AndroidManifest.xml:5:7-32
	android:versionCode
		ADDED from src/main/AndroidManifest.xml:4:7-30
		INJECTED from src/main/AndroidManifest.xml
		INJECTED from src/main/AndroidManifest.xml
	xmlns:android
		ADDED from src/main/AndroidManifest.xml:2:11-69
application
ADDED from src/main/AndroidManifest.xml:7:5-18:19
	android:label
		ADDED from src/main/AndroidManifest.xml:7:48-80
	android:icon
		ADDED from src/main/AndroidManifest.xml:7:18-47
activity#com.deaboway.snake.Snake
ADDED from src/main/AndroidManifest.xml:8:7-17:20
	android:screenOrientation
		ADDED from src/main/AndroidManifest.xml:11:9-45
	android:label
		ADDED from src/main/AndroidManifest.xml:9:9-41
	android:configChanges
		ADDED from src/main/AndroidManifest.xml:12:9-59
	android:theme
		ADDED from src/main/AndroidManifest.xml:10:9-56
	android:name
		ADDED from src/main/AndroidManifest.xml:8:17-37
intent-filter#android.intent.action.MAIN+android.intent.category.LAUNCHER
ADDED from src/main/AndroidManifest.xml:13:13-16:29
action#android.intent.action.MAIN
ADDED from src/main/AndroidManifest.xml:14:17-69
	android:name
		ADDED from src/main/AndroidManifest.xml:14:25-66
category#android.intent.category.LAUNCHER
ADDED from src/main/AndroidManifest.xml:15:17-77
	android:name
		ADDED from src/main/AndroidManifest.xml:15:27-74